root     pts/2        :0               Sat May 31 21:35    gone - no logout 
reboot   system boot  3.11.0-12-generi Sat May 31 21:35 - 09:04 (310+11:28) 
root     pts/6        :0               Fri May 30 22:48 - 22:48  (00:00)    
root     pts/4        :0               Fri May 30 22:48 - down   (22:43)    
comp8506 pts/3        :0               Fri May 30 22:47 - 22:47  (00:00)    
reboot   system boot  3.11.0-12-generi Thu May 29 18:30 - 21:31 (2+03:00)   
root     pts/0        :0               Mon May 19 19:20 - crash (9+23:10)   
root     pts/3        :0               Sat May 17 22:32 - crash (11+19:58)  
comp8506 pts/0        :0               Thu May 15 22:40 - 07:57  (09:17)    
comp8506 pts/0        :0               Thu May 15 22:40 - 22:40  (00:00)    
root     pts/3        :0               Sun May 11 09:51 - 08:01  (22:10)    
root     pts/0        :0               Fri May  9 21:13 - 11:12  (13:59)    
root     pts/3        :0               Fri May  9 21:08 - 11:12  (14:04)    
reboot   system boot  3.11.0-12-generi Fri May  9 21:08 - 21:31 (22+00:23)  
root     pts/0        :0               Thu May  8 23:09 - down   (21:58)    
root     pts/3        :0               Thu May  8 21:45 - 21:46  (00:00)    
root     pts/3        :0               Wed May  7 20:46 - 08:01  (11:15)    
reboot   system boot  3.11.0-12-generi Wed May  7 20:45 - 21:07 (2+00:21)   
root     pts/4        :0               Wed May  7 20:43 - down   (00:01)    
reboot   system boot  3.11.0-12-generi Wed May  7 20:43 - 20:45  (00:01)    
root     pts/3        :0               Wed May  7 20:40 - down   (00:01)    
reboot   system boot  3.11.0-12-generi Wed May  7 20:40 - 20:42  (00:02)    
root     pts/3        :0               Wed May  7 19:27 - down   (01:11)    
reboot   system boot  3.11.0-12-generi Wed May  7 19:27 - 20:39  (01:11)    
root     pts/0        :0               Tue May  6 20:31 - down   (04:00)    
root     pts/6        :0               Tue May  6 18:23 - down   (06:08)    
reboot   system boot  3.11.0-12-generi Tue May  6 18:22 - 00:32  (06:09)    
root     pts/0        :0               Mon May  5 22:37 - down   (09:15)    
root     pts/5        :0               Mon May  5 18:09 - 19:01  (00:52)    
comp8506 pts/4        :0               Mon May  5 16:08 - 16:08  (00:00)    
root     pts/0        :0               Mon May  5 16:02 - 16:03  (00:01)    
root     pts/0        :0               Mon May  5 15:04 - 16:00  (00:55)    
root     pts/4        :0               Mon May  5 14:40 - 15:01  (00:20)    
reboot   system boot  3.11.0-12-generi Mon May  5 14:40 - 07:52  (17:12)    
root     pts/0        :0               Mon May  5 14:25 - down   (00:14)    
root     pts/3        :0               Mon May  5 14:13 - down   (00:25)    
reboot   system boot  3.11.0-12-generi Mon May  5 14:13 - 14:39  (00:26)    
root     pts/3        :0               Mon May  5 14:06 - down   (00:01)    
reboot   system boot  3.11.0-12-generi Mon May  5 14:06 - 14:08  (00:02)    
root     pts/3        :0               Mon May  5 14:01 - down   (00:04)    
reboot   system boot  3.11.0-12-generi Mon May  5 14:00 - 14:05  (00:04)    
root     pts/3        :0               Mon May  5 13:25 - down   (00:30)    
reboot   system boot  3.11.0-12-generi Mon May  5 13:25 - 13:55  (00:30)    
root     pts/3        :0               Mon May  5 13:23 - 13:23  (00:00)    
comp8506 pts/5        :0               Mon May  5 13:22 - 13:23  (00:00)    
reboot   system boot  3.11.0-12-generi Mon May  5 13:22 - 13:23  (00:01)    

wtmp.1 begins Mon May  5 13:22:25 2014
